<?xml version="1.0" encoding="UTF-8"?>
<!-- Generated by org.testng.reporters.JUnitReportReporter -->
<testsuite hostname="devops" failures="0" tests="4" name="com.TestNG.ToLearnTestNG" time="0.013" errors="0" timestamp="2025-01-05T11:20:34 IST" skipped="2">
  <testcase classname="com.TestNG.ToLearnTestNG" name="demo" time="0.011"/>
  <system-out>
    <![CDATA[Demo TestCase Executed]]>
  </system-out>
  <testcase classname="com.TestNG.ToLearnTestNG" name="sample" time="0.002"/>
  <system-out>
    <![CDATA[JAI BAJRANG BALI]]>
  </system-out>
  <testcase classname="com.TestNG.ToLearnTestNG" name="register">
    <skipped/>
  </testcase> <!-- register -->
  <system-out/>
  <testcase classname="com.TestNG.ToLearnTestNG" name="login">
    <skipped/>
  </testcase> <!-- login -->
  <system-out/>
</testsuite> <!-- com.TestNG.ToLearnTestNG -->
