<?xml version="1.0" encoding="UTF-8"?>
<!-- Generated by org.testng.reporters.JUnitReportReporter -->
<testsuite hostname="devops" failures="0" tests="1" name="com.TestNGgroup.Yamaha" time="27.608" errors="0" timestamp="2025-01-06T10:41:35 IST" skipped="0">
  <testcase classname="com.TestNGgroup.Yamaha" name="link" time="27.608"/>
  <system-out>
    <![CDATA[YAMAHA got executed]]>
  </system-out>
</testsuite> <!-- com.TestNGgroup.Yamaha -->
