<?xml version="1.0" encoding="UTF-8"?>
<!-- Generated by org.testng.reporters.JUnitReportReporter -->
<testsuite hostname="devops" failures="0" tests="1" name="com.BikeBE.Hero" time="24.102" errors="0" timestamp="2025-01-06T11:33:55 IST" skipped="0">
  <testcase classname="com.BikeBE.Hero" name="link" time="24.102"/>
  <system-out>
    <![CDATA[Hero got executed]]>
  </system-out>
</testsuite> <!-- com.BikeBE.Hero -->
