<?xml version="1.0" encoding="UTF-8"?>
<!-- Generated by org.testng.reporters.JUnitReportReporter -->
<testsuite hostname="devops" failures="0" tests="1" name="com.TestNGgroup.Kawasaki" time="5.801" errors="0" timestamp="2025-01-06T10:41:35 IST" skipped="0">
  <testcase classname="com.TestNGgroup.Kawasaki" name="link" time="5.801"/>
  <system-out>
    <![CDATA[KAWASAKI got executed]]>
  </system-out>
</testsuite> <!-- com.TestNGgroup.Kawasaki -->
