<?xml version="1.0" encoding="UTF-8"?>
<!-- Generated by org.testng.reporters.JUnitReportReporter -->
<testsuite hostname="devops" failures="0" tests="2" name="Assignment.A39TestScript" time="5.558" errors="0" timestamp="2025-01-05T21:23:53 IST" skipped="1">
  <testcase classname="Assignment.A39TestScript" name="login" time="5.558"/>
  <system-out/>
  <testcase classname="Assignment.A39TestScript" name="register">
    <skipped/>
  </testcase> <!-- register -->
  <system-out/>
</testsuite> <!-- Assignment.A39TestScript -->
