<?xml version="1.0" encoding="UTF-8"?>
<!-- Generated by org.testng.reporters.JUnitReportReporter -->
<testsuite hostname="devops" failures="0" tests="1" name="com.Bike.Bajaj" time="32.704" errors="0" timestamp="2025-01-06T10:47:37 IST" skipped="0">
  <testcase classname="com.Bike.Bajaj" name="link" time="32.704"/>
  <system-out>
    <![CDATA[BAJAJ got executed]]>
  </system-out>
</testsuite> <!-- com.Bike.Bajaj -->
