<?xml version="1.0" encoding="UTF-8"?>
<!-- Generated by org.testng.reporters.JUnitReportReporter -->
<testsuite hostname="devops" failures="0" tests="1" name="com.BikeBE.Bajaj" time="12.647" errors="0" timestamp="2025-01-06T11:33:55 IST" skipped="0">
  <testcase classname="com.BikeBE.Bajaj" name="link" time="12.647"/>
  <system-out>
    <![CDATA[BAJAJ got executed]]>
  </system-out>
</testsuite> <!-- com.BikeBE.Bajaj -->
