<?xml version="1.0" encoding="UTF-8"?>
<!-- Generated by org.testng.reporters.JUnitReportReporter -->
<testsuite hostname="devops" failures="0" tests="1" name="com.BikeBE.Yamaha" time="29.335" errors="0" timestamp="2025-01-06T11:14:46 IST" skipped="0">
  <testcase classname="com.BikeBE.Yamaha" name="link" time="29.335"/>
  <system-out>
    <![CDATA[YAMAHA got executed]]>
  </system-out>
</testsuite> <!-- com.BikeBE.Yamaha -->
