<?xml version="1.0" encoding="UTF-8"?>
<!-- Generated by org.testng.reporters.JUnitReportReporter -->
<testsuite hostname="devops" failures="0" tests="1" name="com.TestNGgroup.Bajaj" time="31.412" errors="0" timestamp="2025-01-06T10:41:35 IST" skipped="0">
  <testcase classname="com.TestNGgroup.Bajaj" name="link" time="31.412"/>
  <system-out>
    <![CDATA[BAJAJ got executed]]>
  </system-out>
</testsuite> <!-- com.TestNGgroup.Bajaj -->
