<?xml version="1.0" encoding="UTF-8"?>
<!-- Generated by org.testng.reporters.JUnitReportReporter -->
<testsuite hostname="devops" failures="0" tests="1" name="com.BikeBE.Kawasaki" time="5.732" errors="0" timestamp="2025-01-06T11:33:55 IST" skipped="0">
  <testcase classname="com.BikeBE.Kawasaki" name="link" time="5.732"/>
  <system-out>
    <![CDATA[KAWASAKI got executed]]>
  </system-out>
</testsuite> <!-- com.BikeBE.Kawasaki -->
