<?xml version="1.0" encoding="UTF-8"?>
<!-- Generated by org.testng.reporters.JUnitReportReporter -->
<testsuite hostname="devops" failures="0" tests="1" name="Assignment.A38TestNG" time="59.399" errors="0" timestamp="2025-01-04T22:16:40 IST" skipped="0">
  <testcase classname="Assignment.A38TestNG" name="main" time="59.399"/>
  <system-out>
    <![CDATA[IS HOMEPAGE IS DISPLAYED:- true]]>
  </system-out>
</testsuite> <!-- Assignment.A38TestNG -->
